<?xml version="1.0" encoding="UTF-8"?>
<!-- Generated by org.testng.reporters.JUnitXMLReporter -->
<testsuite ignored="0" hostname="DESKTOP-7BL2749" failures="0" tests="5" name="WebTable Test" time="23.075" errors="0" timestamp="2025-04-19T21:40:34 IST">
  <testcase classname="testingbaba_test.WebTable_test" name="clickclosebtn" time="1.056"/>
  <testcase classname="testingbaba_test.WebTable_test" name="praticebtn" time="2.42"/>
  <testcase classname="testingbaba_test.WebTable_test" name="clickontextbox_elements" time="1.093"/>
  <testcase classname="testingbaba_test.WebTable_test" name="WebTableInputs" time="3.668"/>
  <testcase classname="testingbaba_test.WebTable_test" name="clickondeletebtn" time="11.435"/>
</testsuite> <!-- WebTable Test -->
